{
  "stats": {
    "suites": 1,
    "tests": 2,
    "passes": 2,
    "pending": 0,
    "failures": 0,
    "start": "2026-04-15T03:56:59.778Z",
    "end": "2026-04-15T03:56:59.829Z",
    "duration": 51,
    "testsRegistered": 2,
    "passPercent": 100,
    "pendingPercent": 0,
    "other": 0,
    "hasOther": false,
    "skipped": 0,
    "hasSkipped": false
  },
  "results": [
    {
      "uuid": "2fe94217-c49d-45cb-894f-5d0c731df25e",
      "title": "",
      "fullFile": "",
      "file": "",
      "beforeHooks": [],
      "afterHooks": [],
      "tests": [],
      "suites": [
        {
          "uuid": "a73c3f74-a0ae-4575-a405-b1c31bf52e63",
          "title": "GET /",
          "fullFile": "/home/kumkum/project1/simple-nodejs-web-app/server/test/unit/index.js",
          "file": "/test/unit/index.js",
          "beforeHooks": [],
          "afterHooks": [],
          "tests": [
            {
              "title": "Should return an HTML page",
              "fullTitle": "GET / Should return an HTML page",
              "timedOut": false,
              "duration": 37,
              "state": "passed",
              "speed": "fast",
              "pass": true,
              "fail": false,
              "pending": false,
              "context": null,
              "code": "_chai.default.request(_index.default).get(\"/\").end(async (err, res) => {\n  if (err) done(err);\n  (0, _chai.expect)(res).to.be.html;\n  done();\n});",
              "err": {},
              "uuid": "5d284f26-da94-45e8-89aa-a099e359e6b6",
              "parentUUID": "a73c3f74-a0ae-4575-a405-b1c31bf52e63",
              "isHook": false,
              "skipped": false
            },
            {
              "title": "Should contain a title as an <h1> tag",
              "fullTitle": "GET / Should contain a title as an <h1> tag",
              "timedOut": false,
              "duration": 7,
              "state": "passed",
              "speed": "fast",
              "pass": true,
              "fail": false,
              "pending": false,
              "context": null,
              "code": "_chai.default.request(_index.default).get(\"/\").end(async (err, res) => {\n  if (err) done(err);\n  res.text.should.match(/<h1>.*<\\/h1>/g);\n  done();\n});",
              "err": {},
              "uuid": "7b72ac23-dbc8-4275-b420-808c1e67fe30",
              "parentUUID": "a73c3f74-a0ae-4575-a405-b1c31bf52e63",
              "isHook": false,
              "skipped": false
            }
          ],
          "suites": [],
          "passes": [
            "5d284f26-da94-45e8-89aa-a099e359e6b6",
            "7b72ac23-dbc8-4275-b420-808c1e67fe30"
          ],
          "failures": [],
          "pending": [],
          "skipped": [],
          "duration": 44,
          "root": false,
          "rootEmpty": false,
          "_timeout": 10000
        }
      ],
      "passes": [],
      "failures": [],
      "pending": [],
      "skipped": [],
      "duration": 0,
      "root": true,
      "rootEmpty": true,
      "_timeout": 10000
    }
  ],
  "meta": {
    "mocha": {
      "version": "8.3.2"
    },
    "mochawesome": {
      "options": {
        "quiet": false,
        "reportFilename": "mochawesome",
        "saveHtml": true,
        "saveJson": true,
        "consoleReporter": "spec",
        "useInlineDiffs": false,
        "code": true
      },
      "version": "6.2.2"
    },
    "marge": {
      "options": null,
      "version": "5.2.0"
    }
  }
}